[33m[nodemon] 3.0.1[39m
[33m[nodemon] to restart at any time, enter `rs`[39m
[33m[nodemon] watching path(s): *.*[39m
[33m[nodemon] watching extensions: html,css,js[39m
[32m[nodemon] starting `node ,node_modules/ ./src/server-dev.js`[39m
2024-05-16 07:42:06 | INFO | Initilialized mpv player
2024-05-16 07:42:06 | INFO | Web server listening on port 3000
[Node-MPV]: Connected to socket '/tmp/node-mpv.sock'
[Node-MPV] sending stimulus
[Node-MPV] stimulus received true
2024-05-16 07:48:51 | INFO | A new device has connected to server
[33m[nodemon] 3.0.1[39m
[33m[nodemon] to restart at any time, enter `rs`[39m
[33m[nodemon] watching path(s): *.*[39m
[33m[nodemon] watching extensions: html,css,js[39m
[32m[nodemon] starting `node ,node_modules/ ./src/server-dev.js`[39m
2024-05-16 07:57:28 | INFO | Initilialized mpv player
2024-05-16 07:57:28 | INFO | Web server listening on port 3000
[Node-MPV]: Connected to socket '/tmp/node-mpv.sock'
[Node-MPV] sending stimulus
[Node-MPV] stimulus received true
[33m[nodemon] 3.0.1[39m
[33m[nodemon] to restart at any time, enter `rs`[39m
[33m[nodemon] watching path(s): *.*[39m
[33m[nodemon] watching extensions: html,css,js[39m
[32m[nodemon] starting `node ,node_modules/ ./src/server-dev.js`[39m
2024-05-16 08:04:02 | INFO | Initilialized mpv player
2024-05-16 08:04:02 | INFO | Web server listening on port 3000
[Node-MPV]: Connected to socket '/tmp/node-mpv.sock'
[Node-MPV] sending stimulus
[Node-MPV] stimulus received true
[33m[nodemon] 3.0.1[39m
[33m[nodemon] to restart at any time, enter `rs`[39m
[33m[nodemon] watching path(s): *.*[39m
[33m[nodemon] watching extensions: html,css,js[39m
[32m[nodemon] starting `node ,node_modules/ ./src/server-dev.js`[39m
2024-05-16 08:06:45 | INFO | Initilialized mpv player
2024-05-16 08:06:45 | INFO | Web server listening on port 3000
[Node-MPV]: Connected to socket '/tmp/node-mpv.sock'
[Node-MPV] sending stimulus
[Node-MPV] stimulus received true
[33m[nodemon] 3.0.1[39m
[33m[nodemon] to restart at any time, enter `rs`[39m
[33m[nodemon] watching path(s): *.*[39m
[33m[nodemon] watching extensions: html,css,js[39m
[32m[nodemon] starting `node ,node_modules/ ./src/server-dev.js`[39m
2024-05-16 08:17:28 | INFO | Initilialized mpv player
2024-05-16 08:17:28 | INFO | Web server listening on port 3000
[Node-MPV]: Connected to socket '/tmp/node-mpv.sock'
[Node-MPV] sending stimulus
[Node-MPV] stimulus received true
[33m[nodemon] 3.0.1[39m
[33m[nodemon] to restart at any time, enter `rs`[39m
[33m[nodemon] watching path(s): *.*[39m
[33m[nodemon] watching extensions: html,css,js[39m
[32m[nodemon] starting `node ,node_modules/ ./src/server-dev.js`[39m
2024-05-16 08:30:45 | INFO | Initilialized mpv player
2024-05-16 08:30:45 | INFO | Web server listening on port 3000
[Node-MPV]: Connected to socket '/tmp/node-mpv.sock'
[Node-MPV] sending stimulus
[Node-MPV] stimulus received true
[33m[nodemon] 3.0.1[39m
[33m[nodemon] to restart at any time, enter `rs`[39m
[33m[nodemon] watching path(s): *.*[39m
[33m[nodemon] watching extensions: html,css,js[39m
[32m[nodemon] starting `node ,node_modules/ ./src/server-dev.js`[39m
2024-05-16 08:39:03 | INFO | Initilialized mpv player
2024-05-16 08:39:03 | INFO | Web server listening on port 3000
[Node-MPV]: Connected to socket '/tmp/node-mpv.sock'
[Node-MPV] sending stimulus
[Node-MPV] stimulus received true
[33m[nodemon] 3.0.1[39m
[33m[nodemon] to restart at any time, enter `rs`[39m
[33m[nodemon] watching path(s): *.*[39m
[33m[nodemon] watching extensions: html,css,js[39m
[32m[nodemon] starting `node ,node_modules/ ./src/server-dev.js`[39m
2024-05-16 08:43:25 | INFO | Initilialized mpv player
2024-05-16 08:43:25 | INFO | Web server listening on port 3000
[Node-MPV]: Connected to socket '/tmp/node-mpv.sock'
[Node-MPV] sending stimulus
[Node-MPV] stimulus received true
[33m[nodemon] 3.0.1[39m
[33m[nodemon] to restart at any time, enter `rs`[39m
[33m[nodemon] watching path(s): *.*[39m
[33m[nodemon] watching extensions: html,css,js[39m
[32m[nodemon] starting `node ,node_modules/ ./src/server-dev.js`[39m
2024-05-16 08:57:28 | INFO | Initilialized mpv player
2024-05-16 08:57:28 | INFO | Web server listening on port 3000
[Node-MPV]: Connected to socket '/tmp/node-mpv.sock'
[Node-MPV] sending stimulus
[Node-MPV] stimulus received true
2024-05-16 08:59:09 | INFO | A new device has connected to server
[33m[nodemon] 3.0.1[39m
[33m[nodemon] to restart at any time, enter `rs`[39m
[33m[nodemon] watching path(s): *.*[39m
[33m[nodemon] watching extensions: html,css,js[39m
[32m[nodemon] starting `node ,node_modules/ ./src/server-dev.js`[39m
2024-05-16 09:00:23 | INFO | Initilialized mpv player
2024-05-16 09:00:24 | INFO | Web server listening on port 3000
[Node-MPV]: Connected to socket '/tmp/node-mpv.sock'
[Node-MPV] sending stimulus
[Node-MPV] stimulus received true
2024-05-16 09:03:57 | INFO | A new device has connected to server
2024-05-16 09:04:14 | INFO | Added new item to queque [object Object]
2024-05-16 09:04:20 | INFO | Playing selected song https://youtube.com/watch?v=Cjp6RVrOOW0
2024-05-16 09:07:19 | INFO | A new device has connected to server
2024-05-16 09:07:43 | INFO | Added new item to queque [object Object]
2024-05-16 09:07:52 | INFO | Playing selected song https://youtube.com/watch?v=qlzcHe_gusE
2024-05-16 09:08:07 | INFO | A new device has connected to server
2024-05-16 09:09:22 | INFO | A new device has connected to server
2024-05-16 09:10:06 | INFO | A new device has connected to server
2024-05-16 09:12:38 | INFO | A new device has connected to server
2024-05-16 09:13:23 | INFO | Playing selected song https://youtube.com/watch?v=SqFaCDvHxU4
2024-05-16 09:15:13 | INFO | A new device has connected to server
2024-05-16 09:18:30 | INFO | A new device has connected to server
2024-05-16 09:19:16 | INFO | Added new item to queque [object Object]
2024-05-16 09:19:49 | INFO | A new device has connected to server
2024-05-16 09:20:07 | INFO | Playing selected song https://youtube.com/watch?v=3GRKJ87S5cI
2024-05-16 09:40:54 | INFO | A new device has connected to server
[33m[nodemon] 3.0.1[39m
[33m[nodemon] to restart at any time, enter `rs`[39m
[33m[nodemon] watching path(s): *.*[39m
[33m[nodemon] watching extensions: html,css,js[39m
[32m[nodemon] starting `node ,node_modules/ ./src/server-dev.js`[39m
2024-05-16 10:14:11 | INFO | Initilialized mpv player
2024-05-16 10:14:12 | INFO | Web server listening on port 3000
[Node-MPV]: Connected to socket '/tmp/node-mpv.sock'
[Node-MPV] sending stimulus
[Node-MPV] stimulus received true
[33m[nodemon] 3.0.1[39m
[33m[nodemon] to restart at any time, enter `rs`[39m
[33m[nodemon] watching path(s): *.*[39m
[33m[nodemon] watching extensions: html,css,js[39m
[32m[nodemon] starting `node ,node_modules/ ./src/server-dev.js`[39m
2024-05-16 10:15:31 | INFO | Initilialized mpv player
2024-05-16 10:15:32 | INFO | Web server listening on port 3000
[Node-MPV]: Connected to socket '/tmp/node-mpv.sock'
[Node-MPV] sending stimulus
[Node-MPV] stimulus received true
2024-05-16 13:22:01 | INFO | A new device has connected to server
[33m[nodemon] 3.0.1[39m
[33m[nodemon] to restart at any time, enter `rs`[39m
[33m[nodemon] watching path(s): *.*[39m
[33m[nodemon] watching extensions: html,css,js[39m
[32m[nodemon] starting `node ,node_modules/ ./src/server-dev.js`[39m
2024-05-16 13:24:34 | INFO | Initilialized mpv player
2024-05-16 13:24:34 | INFO | Web server listening on port 3000
[Node-MPV]: Connected to socket '/tmp/node-mpv.sock'
[Node-MPV] sending stimulus
[Node-MPV] stimulus received true
[32m[nodemon] restarting due to changes...[39m
[32m[nodemon] starting `node ,node_modules/ ./src/server-dev.js`[39m
2024-05-16 14:52:22 | INFO | Initilialized mpv player
2024-05-16 14:52:22 | INFO | Web server listening on port 3000
[Node-MPV]: Connected to socket '/tmp/node-mpv.sock'
[Node-MPV] sending stimulus
[Node-MPV] stimulus received true
2024-05-16 14:52:48 | INFO | A new device has connected to server
2024-05-16 14:53:45 | INFO | A new device has connected to server
2024-05-16 14:55:17 | INFO | A new device has connected to server
[32m[nodemon] restarting due to changes...[39m
[32m[nodemon] starting `node ,node_modules/ ./src/server-dev.js`[39m
2024-05-16 14:56:42 | INFO | Initilialized mpv player
2024-05-16 14:56:42 | INFO | Web server listening on port 3000
[Node-MPV]: Connected to socket '/tmp/node-mpv.sock'
[Node-MPV] sending stimulus
[Node-MPV] stimulus received true
2024-05-16 14:56:45 | INFO | A new device has connected to server
[32m[nodemon] restarting due to changes...[39m
[32m[nodemon] starting `node ,node_modules/ ./src/server-dev.js`[39m
2024-05-16 14:57:04 | INFO | Initilialized mpv player
2024-05-16 14:57:04 | INFO | Web server listening on port 3000
2024-05-16 14:57:05 | INFO | A new device has connected to server
[Node-MPV]: Connected to socket '/tmp/node-mpv.sock'
[Node-MPV] sending stimulus
[Node-MPV] stimulus received true
[32m[nodemon] restarting due to changes...[39m
[32m[nodemon] starting `node ,node_modules/ ./src/server-dev.js`[39m
2024-05-16 14:57:41 | INFO | Initilialized mpv player
2024-05-16 14:57:41 | INFO | Web server listening on port 3000
[Node-MPV]: Connected to socket '/tmp/node-mpv.sock'
[Node-MPV] sending stimulus
[Node-MPV] stimulus received true
2024-05-16 14:57:43 | INFO | A new device has connected to server
[32m[nodemon] restarting due to changes...[39m
[32m[nodemon] starting `node ,node_modules/ ./src/server-dev.js`[39m
2024-05-16 14:58:11 | INFO | Initilialized mpv player
2024-05-16 14:58:11 | INFO | Web server listening on port 3000
[Node-MPV]: Connected to socket '/tmp/node-mpv.sock'
[Node-MPV] sending stimulus
[Node-MPV] stimulus received true
2024-05-16 14:58:13 | INFO | A new device has connected to server
[32m[nodemon] restarting due to changes...[39m
[32m[nodemon] starting `node ,node_modules/ ./src/server-dev.js`[39m
2024-05-16 14:59:00 | INFO | Initilialized mpv player
2024-05-16 14:59:00 | INFO | Web server listening on port 3000
[Node-MPV]: Connected to socket '/tmp/node-mpv.sock'
[Node-MPV] sending stimulus
[Node-MPV] stimulus received true
2024-05-16 14:59:02 | INFO | A new device has connected to server
[32m[nodemon] restarting due to changes...[39m
[32m[nodemon] starting `node ,node_modules/ ./src/server-dev.js`[39m
2024-05-16 15:00:01 | INFO | Initilialized mpv player
2024-05-16 15:00:01 | INFO | Web server listening on port 3000
2024-05-16 15:00:02 | INFO | A new device has connected to server
[Node-MPV]: Connected to socket '/tmp/node-mpv.sock'
[Node-MPV] sending stimulus
[Node-MPV] stimulus received true
[32m[nodemon] restarting due to changes...[39m
[32m[nodemon] starting `node ,node_modules/ ./src/server-dev.js`[39m
2024-05-16 15:00:42 | INFO | Initilialized mpv player
2024-05-16 15:00:42 | INFO | Web server listening on port 3000
2024-05-16 15:00:43 | INFO | A new device has connected to server
[Node-MPV]: Connected to socket '/tmp/node-mpv.sock'
[Node-MPV] sending stimulus
[Node-MPV] stimulus received true
2024-05-16 15:00:46 | INFO | A new device has connected to server
[32m[nodemon] restarting due to changes...[39m
[32m[nodemon] starting `node ,node_modules/ ./src/server-dev.js`[39m
2024-05-16 15:01:21 | INFO | Initilialized mpv player
2024-05-16 15:01:21 | INFO | Web server listening on port 3000
2024-05-16 15:01:22 | INFO | A new device has connected to server
[Node-MPV]: Connected to socket '/tmp/node-mpv.sock'
[Node-MPV] sending stimulus
[Node-MPV] stimulus received true
[32m[nodemon] restarting due to changes...[39m
[32m[nodemon] starting `node ,node_modules/ ./src/server-dev.js`[39m
2024-05-16 15:01:32 | INFO | Initilialized mpv player
2024-05-16 15:01:32 | INFO | Web server listening on port 3000
2024-05-16 15:01:33 | INFO | A new device has connected to server
[Node-MPV]: Connected to socket '/tmp/node-mpv.sock'
[Node-MPV] sending stimulus
[Node-MPV] stimulus received true
[32m[nodemon] restarting due to changes...[39m
[32m[nodemon] starting `node ,node_modules/ ./src/server-dev.js`[39m
2024-05-16 15:02:11 | INFO | Initilialized mpv player
2024-05-16 15:02:11 | INFO | Web server listening on port 3000
2024-05-16 15:02:12 | INFO | A new device has connected to server
[Node-MPV]: Connected to socket '/tmp/node-mpv.sock'
[Node-MPV] sending stimulus
[Node-MPV] stimulus received true
[32m[nodemon] restarting due to changes...[39m
[32m[nodemon] starting `node ,node_modules/ ./src/server-dev.js`[39m
2024-05-16 15:02:19 | INFO | Initilialized mpv player
2024-05-16 15:02:20 | INFO | Web server listening on port 3000
2024-05-16 15:02:21 | INFO | A new device has connected to server
[Node-MPV]: Connected to socket '/tmp/node-mpv.sock'
[Node-MPV] sending stimulus
[Node-MPV] stimulus received true
[32m[nodemon] restarting due to changes...[39m
[32m[nodemon] starting `node ,node_modules/ ./src/server-dev.js`[39m
2024-05-16 15:02:26 | INFO | Initilialized mpv player
2024-05-16 15:02:27 | INFO | Web server listening on port 3000
2024-05-16 15:02:27 | INFO | A new device has connected to server
[Node-MPV]: Connected to socket '/tmp/node-mpv.sock'
[Node-MPV] sending stimulus
[Node-MPV] stimulus received true
[32m[nodemon] restarting due to changes...[39m
[32m[nodemon] starting `node ,node_modules/ ./src/server-dev.js`[39m
2024-05-16 15:03:52 | INFO | Initilialized mpv player
2024-05-16 15:03:52 | INFO | Web server listening on port 3000
2024-05-16 15:03:53 | INFO | A new device has connected to server
[Node-MPV]: Connected to socket '/tmp/node-mpv.sock'
[Node-MPV] sending stimulus
[Node-MPV] stimulus received true
[32m[nodemon] restarting due to changes...[39m
[32m[nodemon] starting `node ,node_modules/ ./src/server-dev.js`[39m
2024-05-16 15:04:02 | INFO | Initilialized mpv player
2024-05-16 15:04:02 | INFO | Web server listening on port 3000
2024-05-16 15:04:02 | INFO | A new device has connected to server
[Node-MPV]: Connected to socket '/tmp/node-mpv.sock'
[Node-MPV] sending stimulus
[Node-MPV] stimulus received true
[32m[nodemon] restarting due to changes...[39m
[32m[nodemon] starting `node ,node_modules/ ./src/server-dev.js`[39m
2024-05-16 15:04:17 | INFO | Initilialized mpv player
2024-05-16 15:04:18 | INFO | Web server listening on port 3000
2024-05-16 15:04:18 | INFO | A new device has connected to server
[Node-MPV]: Connected to socket '/tmp/node-mpv.sock'
[Node-MPV] sending stimulus
[Node-MPV] stimulus received true
[32m[nodemon] restarting due to changes...[39m
[32m[nodemon] starting `node ,node_modules/ ./src/server-dev.js`[39m
2024-05-16 15:04:33 | INFO | Initilialized mpv player
2024-05-16 15:04:33 | INFO | Web server listening on port 3000
2024-05-16 15:04:34 | INFO | A new device has connected to server
[Node-MPV]: Connected to socket '/tmp/node-mpv.sock'
[Node-MPV] sending stimulus
[Node-MPV] stimulus received true
[32m[nodemon] restarting due to changes...[39m
[32m[nodemon] starting `node ,node_modules/ ./src/server-dev.js`[39m
2024-05-16 15:04:55 | INFO | Initilialized mpv player
2024-05-16 15:04:55 | INFO | Web server listening on port 3000
2024-05-16 15:04:56 | INFO | A new device has connected to server
[Node-MPV]: Connected to socket '/tmp/node-mpv.sock'
[Node-MPV] sending stimulus
[Node-MPV] stimulus received true
[32m[nodemon] restarting due to changes...[39m
[32m[nodemon] starting `node ,node_modules/ ./src/server-dev.js`[39m
2024-05-16 15:05:02 | INFO | Initilialized mpv player
2024-05-16 15:05:02 | INFO | Web server listening on port 3000
2024-05-16 15:05:03 | INFO | A new device has connected to server
[Node-MPV]: Connected to socket '/tmp/node-mpv.sock'
[Node-MPV] sending stimulus
[Node-MPV] stimulus received true
[32m[nodemon] restarting due to changes...[39m
[32m[nodemon] starting `node ,node_modules/ ./src/server-dev.js`[39m
2024-05-16 15:07:22 | INFO | Initilialized mpv player
2024-05-16 15:07:22 | INFO | Web server listening on port 3000
2024-05-16 15:07:23 | INFO | A new device has connected to server
[Node-MPV]: Connected to socket '/tmp/node-mpv.sock'
[Node-MPV] sending stimulus
[Node-MPV] stimulus received true
[32m[nodemon] restarting due to changes...[39m
[32m[nodemon] starting `node ,node_modules/ ./src/server-dev.js`[39m
2024-05-16 15:07:31 | INFO | Initilialized mpv player
2024-05-16 15:07:31 | INFO | Web server listening on port 3000
2024-05-16 15:07:32 | INFO | A new device has connected to server
[Node-MPV]: Connected to socket '/tmp/node-mpv.sock'
[Node-MPV] sending stimulus
[Node-MPV] stimulus received true
[32m[nodemon] restarting due to changes...[39m
[32m[nodemon] starting `node ,node_modules/ ./src/server-dev.js`[39m
2024-05-16 15:07:43 | INFO | Initilialized mpv player
2024-05-16 15:07:43 | INFO | Web server listening on port 3000
2024-05-16 15:07:44 | INFO | A new device has connected to server
[Node-MPV]: Connected to socket '/tmp/node-mpv.sock'
[Node-MPV] sending stimulus
[Node-MPV] stimulus received true
[32m[nodemon] restarting due to changes...[39m
[32m[nodemon] starting `node ,node_modules/ ./src/server-dev.js`[39m
2024-05-16 15:10:00 | INFO | Initilialized mpv player
2024-05-16 15:10:00 | INFO | Web server listening on port 3000
2024-05-16 15:10:01 | INFO | A new device has connected to server
[Node-MPV]: Connected to socket '/tmp/node-mpv.sock'
[Node-MPV] sending stimulus
[Node-MPV] stimulus received true
[32m[nodemon] restarting due to changes...[39m
[32m[nodemon] starting `node ,node_modules/ ./src/server-dev.js`[39m
2024-05-16 15:10:08 | INFO | Initilialized mpv player
2024-05-16 15:10:08 | INFO | Web server listening on port 3000
2024-05-16 15:10:09 | INFO | A new device has connected to server
[Node-MPV]: Connected to socket '/tmp/node-mpv.sock'
[Node-MPV] sending stimulus
[Node-MPV] stimulus received true
[32m[nodemon] restarting due to changes...[39m
[32m[nodemon] starting `node ,node_modules/ ./src/server-dev.js`[39m
2024-05-16 15:10:14 | INFO | Initilialized mpv player
2024-05-16 15:10:14 | INFO | Web server listening on port 3000
2024-05-16 15:10:15 | INFO | A new device has connected to server
[Node-MPV]: Connected to socket '/tmp/node-mpv.sock'
[Node-MPV] sending stimulus
[Node-MPV] stimulus received true
[32m[nodemon] restarting due to changes...[39m
[32m[nodemon] starting `node ,node_modules/ ./src/server-dev.js`[39m
2024-05-16 15:10:20 | INFO | Initilialized mpv player
2024-05-16 15:10:20 | INFO | Web server listening on port 3000
2024-05-16 15:10:21 | INFO | A new device has connected to server
[Node-MPV]: Connected to socket '/tmp/node-mpv.sock'
[Node-MPV] sending stimulus
[Node-MPV] stimulus received true
[32m[nodemon] restarting due to changes...[39m
[32m[nodemon] starting `node ,node_modules/ ./src/server-dev.js`[39m
2024-05-16 15:10:29 | INFO | Initilialized mpv player
2024-05-16 15:10:29 | INFO | Web server listening on port 3000
2024-05-16 15:10:30 | INFO | A new device has connected to server
[Node-MPV]: Connected to socket '/tmp/node-mpv.sock'
[Node-MPV] sending stimulus
[Node-MPV] stimulus received true
[32m[nodemon] restarting due to changes...[39m
[32m[nodemon] starting `node ,node_modules/ ./src/server-dev.js`[39m
2024-05-16 15:10:57 | INFO | Initilialized mpv player
2024-05-16 15:10:57 | INFO | Web server listening on port 3000
2024-05-16 15:10:58 | INFO | A new device has connected to server
[Node-MPV]: Connected to socket '/tmp/node-mpv.sock'
[Node-MPV] sending stimulus
[Node-MPV] stimulus received true
[32m[nodemon] restarting due to changes...[39m
[32m[nodemon] starting `node ,node_modules/ ./src/server-dev.js`[39m
2024-05-16 15:11:08 | INFO | Initilialized mpv player
2024-05-16 15:11:08 | INFO | Web server listening on port 3000
2024-05-16 15:11:08 | INFO | A new device has connected to server
[Node-MPV]: Connected to socket '/tmp/node-mpv.sock'
[Node-MPV] sending stimulus
[Node-MPV] stimulus received true
[32m[nodemon] restarting due to changes...[39m
[32m[nodemon] starting `node ,node_modules/ ./src/server-dev.js`[39m
2024-05-16 15:11:15 | INFO | Initilialized mpv player
2024-05-16 15:11:15 | INFO | Web server listening on port 3000
2024-05-16 15:11:16 | INFO | A new device has connected to server
[Node-MPV]: Connected to socket '/tmp/node-mpv.sock'
[Node-MPV] sending stimulus
[Node-MPV] stimulus received true
[32m[nodemon] restarting due to changes...[39m
[32m[nodemon] starting `node ,node_modules/ ./src/server-dev.js`[39m
2024-05-16 15:11:24 | INFO | Initilialized mpv player
2024-05-16 15:11:24 | INFO | Web server listening on port 3000
2024-05-16 15:11:25 | INFO | A new device has connected to server
[Node-MPV]: Connected to socket '/tmp/node-mpv.sock'
[Node-MPV] sending stimulus
[Node-MPV] stimulus received true
2024-05-16 15:12:37 | INFO | A new device has connected to server
2024-05-16 15:13:37 | INFO | A new device has connected to server
2024-05-16 15:14:13 | INFO | A new device has connected to server
2024-05-16 15:14:52 | INFO | A new device has connected to server
[32m[nodemon] restarting due to changes...[39m
[32m[nodemon] starting `node ,node_modules/ ./src/server-dev.js`[39m
2024-05-16 15:15:52 | INFO | Initilialized mpv player
2024-05-16 15:15:52 | INFO | Web server listening on port 3000
[Node-MPV]: Connected to socket '/tmp/node-mpv.sock'
[Node-MPV] sending stimulus
[Node-MPV] stimulus received true
2024-05-16 15:16:06 | INFO | A new device has connected to server
[32m[nodemon] restarting due to changes...[39m
[32m[nodemon] starting `node ,node_modules/ ./src/server-dev.js`[39m
2024-05-16 15:16:34 | INFO | Initilialized mpv player
2024-05-16 15:16:34 | INFO | Web server listening on port 3000
2024-05-16 15:16:35 | INFO | A new device has connected to server
[Node-MPV]: Connected to socket '/tmp/node-mpv.sock'
[Node-MPV] sending stimulus
[Node-MPV] stimulus received true
[32m[nodemon] restarting due to changes...[39m
[32m[nodemon] starting `node ,node_modules/ ./src/server-dev.js`[39m
2024-05-16 15:17:01 | INFO | Initilialized mpv player
2024-05-16 15:17:01 | INFO | Web server listening on port 3000
2024-05-16 15:17:02 | INFO | A new device has connected to server
[Node-MPV]: Connected to socket '/tmp/node-mpv.sock'
[Node-MPV] sending stimulus
[Node-MPV] stimulus received true
[32m[nodemon] restarting due to changes...[39m
[32m[nodemon] starting `node ,node_modules/ ./src/server-dev.js`[39m
2024-05-16 15:17:27 | INFO | Initilialized mpv player
2024-05-16 15:17:27 | INFO | Web server listening on port 3000
[Node-MPV]: Connected to socket '/tmp/node-mpv.sock'
[Node-MPV] sending stimulus
[Node-MPV] stimulus received true
2024-05-16 15:17:32 | INFO | A new device has connected to server
[32m[nodemon] restarting due to changes...[39m
[32m[nodemon] starting `node ,node_modules/ ./src/server-dev.js`[39m
2024-05-16 15:18:05 | INFO | Initilialized mpv player
2024-05-16 15:18:05 | INFO | Web server listening on port 3000
2024-05-16 15:18:05 | INFO | A new device has connected to server
[Node-MPV]: Connected to socket '/tmp/node-mpv.sock'
[Node-MPV] sending stimulus
[Node-MPV] stimulus received true
[32m[nodemon] restarting due to changes...[39m
[32m[nodemon] starting `node ,node_modules/ ./src/server-dev.js`[39m
2024-05-16 15:18:41 | INFO | Initilialized mpv player
2024-05-16 15:18:41 | INFO | Web server listening on port 3000
2024-05-16 15:18:42 | INFO | A new device has connected to server
[Node-MPV]: Connected to socket '/tmp/node-mpv.sock'
[Node-MPV] sending stimulus
[Node-MPV] stimulus received true
[32m[nodemon] restarting due to changes...[39m
[32m[nodemon] starting `node ,node_modules/ ./src/server-dev.js`[39m
2024-05-16 15:18:50 | INFO | Initilialized mpv player
2024-05-16 15:18:50 | INFO | Web server listening on port 3000
2024-05-16 15:18:51 | INFO | A new device has connected to server
[Node-MPV]: Connected to socket '/tmp/node-mpv.sock'
[Node-MPV] sending stimulus
[Node-MPV] stimulus received true
2024-05-16 15:19:12 | INFO | A new device has connected to server
[32m[nodemon] restarting due to changes...[39m
[32m[nodemon] starting `node ,node_modules/ ./src/server-dev.js`[39m
2024-05-16 15:20:08 | INFO | Initilialized mpv player
2024-05-16 15:20:08 | INFO | Web server listening on port 3000
2024-05-16 15:20:09 | INFO | A new device has connected to server
[Node-MPV]: Connected to socket '/tmp/node-mpv.sock'
[Node-MPV] sending stimulus
[Node-MPV] stimulus received true
2024-05-16 15:20:14 | INFO | A new device has connected to server
[32m[nodemon] restarting due to changes...[39m
[32m[nodemon] starting `node ,node_modules/ ./src/server-dev.js`[39m
2024-05-16 15:20:26 | INFO | Initilialized mpv player
2024-05-16 15:20:26 | INFO | Web server listening on port 3000
2024-05-16 15:20:27 | INFO | A new device has connected to server
2024-05-16 15:20:27 | INFO | A new device has connected to server
[Node-MPV]: Connected to socket '/tmp/node-mpv.sock'
[Node-MPV] sending stimulus
[Node-MPV] stimulus received true
[32m[nodemon] restarting due to changes...[39m
[32m[nodemon] starting `node ,node_modules/ ./src/server-dev.js`[39m
2024-05-16 15:20:43 | INFO | Initilialized mpv player
2024-05-16 15:20:43 | INFO | Web server listening on port 3000
[Node-MPV]: Connected to socket '/tmp/node-mpv.sock'
[Node-MPV] sending stimulus
[Node-MPV] stimulus received true
2024-05-16 15:20:49 | INFO | A new device has connected to server
[32m[nodemon] restarting due to changes...[39m
[32m[nodemon] starting `node ,node_modules/ ./src/server-dev.js`[39m
2024-05-16 15:21:01 | INFO | Initilialized mpv player
2024-05-16 15:21:01 | INFO | Web server listening on port 3000
2024-05-16 15:21:02 | INFO | A new device has connected to server
[Node-MPV]: Connected to socket '/tmp/node-mpv.sock'
[Node-MPV] sending stimulus
[Node-MPV] stimulus received true
[32m[nodemon] restarting due to changes...[39m
[32m[nodemon] starting `node ,node_modules/ ./src/server-dev.js`[39m
2024-05-16 15:21:14 | INFO | Initilialized mpv player
2024-05-16 15:21:14 | INFO | Web server listening on port 3000
2024-05-16 15:21:15 | INFO | A new device has connected to server
2024-05-16 15:21:15 | INFO | A new device has connected to server
[Node-MPV]: Connected to socket '/tmp/node-mpv.sock'
[Node-MPV] sending stimulus
[Node-MPV] stimulus received true
[32m[nodemon] restarting due to changes...[39m
[32m[nodemon] starting `node ,node_modules/ ./src/server-dev.js`[39m
2024-05-16 15:21:28 | INFO | Initilialized mpv player
2024-05-16 15:21:28 | INFO | Web server listening on port 3000
2024-05-16 15:21:29 | INFO | A new device has connected to server
2024-05-16 15:21:29 | INFO | A new device has connected to server
[Node-MPV]: Connected to socket '/tmp/node-mpv.sock'
[Node-MPV] sending stimulus
[Node-MPV] stimulus received true
[32m[nodemon] restarting due to changes...[39m
[32m[nodemon] starting `node ,node_modules/ ./src/server-dev.js`[39m
2024-05-16 15:23:14 | INFO | Initilialized mpv player
2024-05-16 15:23:14 | INFO | Web server listening on port 3000
2024-05-16 15:23:15 | INFO | A new device has connected to server
2024-05-16 15:23:15 | INFO | A new device has connected to server
[Node-MPV]: Connected to socket '/tmp/node-mpv.sock'
[Node-MPV] sending stimulus
[Node-MPV] stimulus received true
[32m[nodemon] restarting due to changes...[39m
[32m[nodemon] starting `node ,node_modules/ ./src/server-dev.js`[39m
2024-05-16 15:24:01 | INFO | Initilialized mpv player
2024-05-16 15:24:01 | INFO | Web server listening on port 3000
2024-05-16 15:24:02 | INFO | A new device has connected to server
2024-05-16 15:24:03 | INFO | A new device has connected to server
[Node-MPV]: Connected to socket '/tmp/node-mpv.sock'
[Node-MPV] sending stimulus
[Node-MPV] stimulus received true
2024-05-16 15:28:22 | INFO | A new device has connected to server
[32m[nodemon] restarting due to changes...[39m
[32m[nodemon] starting `node ,node_modules/ ./src/server-dev.js`[39m
2024-05-16 15:30:40 | INFO | Initilialized mpv player
2024-05-16 15:30:40 | INFO | Web server listening on port 3000
2024-05-16 15:30:42 | INFO | A new device has connected to server
[Node-MPV]: Connected to socket '/tmp/node-mpv.sock'
[Node-MPV] sending stimulus
[Node-MPV] stimulus received true
2024-05-16 15:31:54 | INFO | A new device has connected to server
2024-05-16 15:32:03 | INFO | A new device has connected to server
2024-05-16 15:32:04 | INFO | A new device has connected to server
2024-05-16 15:32:22 | INFO | A new device has connected to server
[32m[nodemon] restarting due to changes...[39m
[32m[nodemon] starting `node ,node_modules/ ./src/server-dev.js`[39m
2024-05-16 15:33:41 | INFO | Initilialized mpv player
2024-05-16 15:33:41 | INFO | Web server listening on port 3000
2024-05-16 15:33:42 | INFO | A new device has connected to server
2024-05-16 15:33:43 | INFO | A new device has connected to server
[Node-MPV]: Connected to socket '/tmp/node-mpv.sock'
[Node-MPV] sending stimulus
[Node-MPV] stimulus received true
[32m[nodemon] restarting due to changes...[39m
[32m[nodemon] starting `node ,node_modules/ ./src/server-dev.js`[39m
2024-05-16 15:33:54 | INFO | Initilialized mpv player
2024-05-16 15:33:54 | INFO | Web server listening on port 3000
2024-05-16 15:33:55 | INFO | A new device has connected to server
2024-05-16 15:33:55 | INFO | A new device has connected to server
[Node-MPV]: Connected to socket '/tmp/node-mpv.sock'
[Node-MPV] sending stimulus
[Node-MPV] stimulus received true
[32m[nodemon] restarting due to changes...[39m
[32m[nodemon] starting `node ,node_modules/ ./src/server-dev.js`[39m
2024-05-16 15:34:00 | INFO | Initilialized mpv player
2024-05-16 15:34:00 | INFO | Web server listening on port 3000
2024-05-16 15:34:00 | INFO | A new device has connected to server
2024-05-16 15:34:01 | INFO | A new device has connected to server
[Node-MPV]: Connected to socket '/tmp/node-mpv.sock'
[Node-MPV] sending stimulus
[Node-MPV] stimulus received true
[32m[nodemon] restarting due to changes...[39m
[32m[nodemon] starting `node ,node_modules/ ./src/server-dev.js`[39m
2024-05-16 15:34:41 | INFO | Initilialized mpv player
2024-05-16 15:34:42 | INFO | Web server listening on port 3000
2024-05-16 15:34:43 | INFO | A new device has connected to server
2024-05-16 15:34:43 | INFO | A new device has connected to server
[Node-MPV]: Connected to socket '/tmp/node-mpv.sock'
[Node-MPV] sending stimulus
[Node-MPV] stimulus received true
[32m[nodemon] restarting due to changes...[39m
[32m[nodemon] starting `node ,node_modules/ ./src/server-dev.js`[39m
2024-05-16 15:35:00 | INFO | Initilialized mpv player
2024-05-16 15:35:00 | INFO | Web server listening on port 3000
2024-05-16 15:35:01 | INFO | A new device has connected to server
2024-05-16 15:35:01 | INFO | A new device has connected to server
[Node-MPV]: Connected to socket '/tmp/node-mpv.sock'
[Node-MPV] sending stimulus
[Node-MPV] stimulus received true
[32m[nodemon] restarting due to changes...[39m
[32m[nodemon] starting `node ,node_modules/ ./src/server-dev.js`[39m
2024-05-16 15:36:01 | INFO | Initilialized mpv player
2024-05-16 15:36:01 | INFO | Web server listening on port 3000
[Node-MPV]: Connected to socket '/tmp/node-mpv.sock'
[Node-MPV] sending stimulus
[Node-MPV] stimulus received true
2024-05-16 15:36:03 | INFO | A new device has connected to server
2024-05-16 15:36:04 | INFO | A new device has connected to server
[32m[nodemon] restarting due to changes...[39m
[32m[nodemon] starting `node ,node_modules/ ./src/server-dev.js`[39m
2024-05-16 15:36:07 | INFO | Initilialized mpv player
2024-05-16 15:36:07 | INFO | Web server listening on port 3000
2024-05-16 15:36:08 | INFO | A new device has connected to server
2024-05-16 15:36:08 | INFO | A new device has connected to server
[Node-MPV]: Connected to socket '/tmp/node-mpv.sock'
[Node-MPV] sending stimulus
[Node-MPV] stimulus received true
[32m[nodemon] restarting due to changes...[39m
[32m[nodemon] starting `node ,node_modules/ ./src/server-dev.js`[39m
2024-05-16 15:37:41 | INFO | Initilialized mpv player
2024-05-16 15:37:41 | INFO | Web server listening on port 3000
2024-05-16 15:37:42 | INFO | A new device has connected to server
[Node-MPV]: Connected to socket '/tmp/node-mpv.sock'
[Node-MPV] sending stimulus
[Node-MPV] stimulus received true
2024-05-16 15:37:47 | INFO | A new device has connected to server
[32m[nodemon] restarting due to changes...[39m
[32m[nodemon] starting `node ,node_modules/ ./src/server-dev.js`[39m
2024-05-16 15:38:25 | INFO | Initilialized mpv player
2024-05-16 15:38:25 | INFO | Web server listening on port 3000
2024-05-16 15:38:26 | INFO | A new device has connected to server
2024-05-16 15:38:26 | INFO | A new device has connected to server
[Node-MPV]: Connected to socket '/tmp/node-mpv.sock'
[Node-MPV] sending stimulus
[Node-MPV] stimulus received true
[32m[nodemon] restarting due to changes...[39m
[32m[nodemon] starting `node ,node_modules/ ./src/server-dev.js`[39m
2024-05-16 15:38:56 | INFO | Initilialized mpv player
2024-05-16 15:38:57 | INFO | Web server listening on port 3000
2024-05-16 15:38:58 | INFO | A new device has connected to server
2024-05-16 15:38:58 | INFO | A new device has connected to server
[Node-MPV]: Connected to socket '/tmp/node-mpv.sock'
[Node-MPV] sending stimulus
[Node-MPV] stimulus received true
[32m[nodemon] restarting due to changes...[39m
[32m[nodemon] starting `node ,node_modules/ ./src/server-dev.js`[39m
2024-05-16 15:39:18 | INFO | Initilialized mpv player
2024-05-16 15:39:19 | INFO | Web server listening on port 3000
2024-05-16 15:39:19 | INFO | A new device has connected to server
2024-05-16 15:39:20 | INFO | A new device has connected to server
[Node-MPV]: Connected to socket '/tmp/node-mpv.sock'
[Node-MPV] sending stimulus
[Node-MPV] stimulus received true
[32m[nodemon] restarting due to changes...[39m
[32m[nodemon] starting `node ,node_modules/ ./src/server-dev.js`[39m
2024-05-16 15:39:38 | INFO | Initilialized mpv player
2024-05-16 15:39:38 | INFO | Web server listening on port 3000
2024-05-16 15:39:39 | INFO | A new device has connected to server
2024-05-16 15:39:39 | INFO | A new device has connected to server
[Node-MPV]: Connected to socket '/tmp/node-mpv.sock'
[Node-MPV] sending stimulus
[Node-MPV] stimulus received true
[32m[nodemon] restarting due to changes...[39m
[32m[nodemon] starting `node ,node_modules/ ./src/server-dev.js`[39m
2024-05-16 15:40:01 | INFO | Initilialized mpv player
2024-05-16 15:40:01 | INFO | Web server listening on port 3000
2024-05-16 15:40:02 | INFO | A new device has connected to server
2024-05-16 15:40:02 | INFO | A new device has connected to server
[Node-MPV]: Connected to socket '/tmp/node-mpv.sock'
[Node-MPV] sending stimulus
[Node-MPV] stimulus received true
[32m[nodemon] restarting due to changes...[39m
[32m[nodemon] starting `node ,node_modules/ ./src/server-dev.js`[39m
2024-05-16 15:40:11 | INFO | Initilialized mpv player
2024-05-16 15:40:12 | INFO | Web server listening on port 3000
2024-05-16 15:40:12 | INFO | A new device has connected to server
[Node-MPV]: Connected to socket '/tmp/node-mpv.sock'
[Node-MPV] sending stimulus
[Node-MPV] stimulus received true
2024-05-16 15:40:17 | INFO | A new device has connected to server
[32m[nodemon] restarting due to changes...[39m
[32m[nodemon] starting `node ,node_modules/ ./src/server-dev.js`[39m
2024-05-16 15:40:22 | INFO | Initilialized mpv player
2024-05-16 15:40:22 | INFO | Web server listening on port 3000
2024-05-16 15:40:23 | INFO | A new device has connected to server
2024-05-16 15:40:23 | INFO | A new device has connected to server
[Node-MPV]: Connected to socket '/tmp/node-mpv.sock'
[Node-MPV] sending stimulus
[Node-MPV] stimulus received true
[32m[nodemon] restarting due to changes...[39m
[32m[nodemon] starting `node ,node_modules/ ./src/server-dev.js`[39m
2024-05-16 15:43:54 | INFO | Initilialized mpv player
2024-05-16 15:43:54 | INFO | Web server listening on port 3000
2024-05-16 15:43:55 | INFO | A new device has connected to server
2024-05-16 15:43:55 | INFO | A new device has connected to server
[Node-MPV]: Connected to socket '/tmp/node-mpv.sock'
[Node-MPV] sending stimulus
[Node-MPV] stimulus received true
[32m[nodemon] restarting due to changes...[39m
[32m[nodemon] starting `node ,node_modules/ ./src/server-dev.js`[39m
2024-05-16 15:46:06 | INFO | Initilialized mpv player
2024-05-16 15:46:06 | INFO | Web server listening on port 3000
[Node-MPV]: Connected to socket '/tmp/node-mpv.sock'
[Node-MPV] sending stimulus
[Node-MPV] stimulus received true
2024-05-16 15:46:08 | INFO | A new device has connected to server
2024-05-16 15:46:19 | INFO | A new device has connected to server
[32m[nodemon] restarting due to changes...[39m
[32m[nodemon] starting `node ,node_modules/ ./src/server-dev.js`[39m
2024-05-16 15:48:22 | INFO | Initilialized mpv player
2024-05-16 15:48:22 | INFO | Web server listening on port 3000
2024-05-16 15:48:23 | INFO | A new device has connected to server
[Node-MPV]: Connected to socket '/tmp/node-mpv.sock'
[Node-MPV] sending stimulus
[Node-MPV] stimulus received true
2024-05-16 15:48:33 | INFO | A new device has connected to server
[32m[nodemon] restarting due to changes...[39m
[32m[nodemon] starting `node ,node_modules/ ./src/server-dev.js`[39m
2024-05-16 15:49:01 | INFO | Initilialized mpv player
2024-05-16 15:49:02 | INFO | Web server listening on port 3000
2024-05-16 15:49:02 | INFO | A new device has connected to server
2024-05-16 15:49:03 | INFO | A new device has connected to server
[Node-MPV]: Connected to socket '/tmp/node-mpv.sock'
[Node-MPV] sending stimulus
[Node-MPV] stimulus received true
[32m[nodemon] restarting due to changes...[39m
[32m[nodemon] starting `node ,node_modules/ ./src/server-dev.js`[39m
2024-05-16 15:49:36 | INFO | Initilialized mpv player
2024-05-16 15:49:36 | INFO | Web server listening on port 3000
2024-05-16 15:49:37 | INFO | A new device has connected to server
2024-05-16 15:49:37 | INFO | A new device has connected to server
[Node-MPV]: Connected to socket '/tmp/node-mpv.sock'
[Node-MPV] sending stimulus
[Node-MPV] stimulus received true
[32m[nodemon] restarting due to changes...[39m
[32m[nodemon] starting `node ,node_modules/ ./src/server-dev.js`[39m
2024-05-16 15:52:45 | INFO | Initilialized mpv player
2024-05-16 15:52:45 | INFO | Web server listening on port 3000
2024-05-16 15:52:47 | INFO | A new device has connected to server
[Node-MPV]: Connected to socket '/tmp/node-mpv.sock'
[Node-MPV] sending stimulus
[Node-MPV] stimulus received true
[32m[nodemon] restarting due to changes...[39m
[32m[nodemon] starting `node ,node_modules/ ./src/server-dev.js`[39m
2024-05-16 15:52:52 | INFO | Initilialized mpv player
2024-05-16 15:52:53 | INFO | Web server listening on port 3000
2024-05-16 15:52:54 | INFO | A new device has connected to server
[Node-MPV]: Connected to socket '/tmp/node-mpv.sock'
[Node-MPV] sending stimulus
[Node-MPV] stimulus received true
2024-05-16 15:52:59 | INFO | A new device has connected to server
[32m[nodemon] restarting due to changes...[39m
[32m[nodemon] starting `node ,node_modules/ ./src/server-dev.js`[39m
2024-05-16 15:53:33 | INFO | Initilialized mpv player
2024-05-16 15:53:34 | INFO | Web server listening on port 3000
2024-05-16 15:53:34 | INFO | A new device has connected to server
[Node-MPV]: Connected to socket '/tmp/node-mpv.sock'
[Node-MPV] sending stimulus
[Node-MPV] stimulus received true
2024-05-16 15:53:36 | INFO | A new device has connected to server
[32m[nodemon] restarting due to changes...[39m
[32m[nodemon] starting `node ,node_modules/ ./src/server-dev.js`[39m
2024-05-16 15:55:18 | INFO | Initilialized mpv player
2024-05-16 15:55:18 | INFO | Web server listening on port 3000
2024-05-16 15:55:19 | INFO | A new device has connected to server
[Node-MPV]: Connected to socket '/tmp/node-mpv.sock'
[Node-MPV] sending stimulus
[Node-MPV] stimulus received true
2024-05-16 15:55:24 | INFO | A new device has connected to server
[32m[nodemon] restarting due to changes...[39m
[32m[nodemon] starting `node ,node_modules/ ./src/server-dev.js`[39m
2024-05-16 15:56:46 | INFO | Initilialized mpv player
2024-05-16 15:56:46 | INFO | Web server listening on port 3000
[Node-MPV]: Connected to socket '/tmp/node-mpv.sock'
[Node-MPV] sending stimulus
[Node-MPV] stimulus received true
2024-05-16 15:56:50 | INFO | A new device has connected to server
2024-05-16 15:56:52 | INFO | A new device has connected to server
[32m[nodemon] restarting due to changes...[39m
[32m[nodemon] starting `node ,node_modules/ ./src/server-dev.js`[39m
2024-05-16 15:57:12 | INFO | Initilialized mpv player
2024-05-16 15:57:12 | INFO | Web server listening on port 3000
2024-05-16 15:57:13 | INFO | A new device has connected to server
2024-05-16 15:57:13 | INFO | A new device has connected to server
[Node-MPV]: Connected to socket '/tmp/node-mpv.sock'
[Node-MPV] sending stimulus
[Node-MPV] stimulus received true
[32m[nodemon] restarting due to changes...[39m
[32m[nodemon] starting `node ,node_modules/ ./src/server-dev.js`[39m
2024-05-16 15:57:16 | INFO | Initilialized mpv player
2024-05-16 15:57:17 | INFO | Web server listening on port 3000
2024-05-16 15:57:17 | INFO | A new device has connected to server
2024-05-16 15:57:18 | INFO | A new device has connected to server
[Node-MPV]: Connected to socket '/tmp/node-mpv.sock'
[Node-MPV] sending stimulus
[Node-MPV] stimulus received true
[32m[nodemon] restarting due to changes...[39m
[32m[nodemon] starting `node ,node_modules/ ./src/server-dev.js`[39m
2024-05-16 15:57:21 | INFO | Initilialized mpv player
2024-05-16 15:57:21 | INFO | Web server listening on port 3000
2024-05-16 15:57:22 | INFO | A new device has connected to server
2024-05-16 15:57:22 | INFO | A new device has connected to server
[Node-MPV]: Connected to socket '/tmp/node-mpv.sock'
[Node-MPV] sending stimulus
[Node-MPV] stimulus received true
